<?xml version="1.0" encoding="UTF-8"?>
<!-- Generated by org.testng.reporters.JUnitReportReporter -->
<testsuite hostname="DESKTOP-2NBN9S0" failures="0" tests="1" name="com.vz.test.TC001_VerifyHeader" time="6.770" errors="0" timestamp="2023-04-18T21:32:43 IST" skipped="0">
  <testcase classname="com.vz.test.TC001_VerifyHeader" name="VerifyHomePageHeader" time="6.770"/>
  <system-out/>
</testsuite> <!-- com.vz.test.TC001_VerifyHeader -->
